[0108/184946.621:ERROR:process_reader_win.cc(123)] NtOpenThread: {Acceso denegado} Un proceso ha solicitado acceso a un objeto, pero no se le han concedido esos derechos de acceso. (0xc0000022)
[0108/184946.623:ERROR:exception_snapshot_win.cc(98)] thread ID 12828 not found in process
[0108/185513.198:ERROR:process_reader_win.cc(123)] NtOpenThread: {Acceso denegado} Un proceso ha solicitado acceso a un objeto, pero no se le han concedido esos derechos de acceso. (0xc0000022)
[0108/185513.198:ERROR:exception_snapshot_win.cc(98)] thread ID 8316 not found in process
[0108/185607.384:ERROR:process_reader_win.cc(123)] NtOpenThread: {Acceso denegado} Un proceso ha solicitado acceso a un objeto, pero no se le han concedido esos derechos de acceso. (0xc0000022)
[0108/185607.386:ERROR:exception_snapshot_win.cc(98)] thread ID 1032 not found in process
[0108/190114.739:ERROR:process_reader_win.cc(123)] NtOpenThread: {Acceso denegado} Un proceso ha solicitado acceso a un objeto, pero no se le han concedido esos derechos de acceso. (0xc0000022)
[0108/190114.739:ERROR:exception_snapshot_win.cc(98)] thread ID 6980 not found in process
[0108/190350.588:ERROR:process_reader_win.cc(123)] NtOpenThread: {Acceso denegado} Un proceso ha solicitado acceso a un objeto, pero no se le han concedido esos derechos de acceso. (0xc0000022)
[0108/190350.588:ERROR:exception_snapshot_win.cc(98)] thread ID 11800 not found in process
[0108/190352.552:ERROR:process_reader_win.cc(123)] NtOpenThread: {Acceso denegado} Un proceso ha solicitado acceso a un objeto, pero no se le han concedido esos derechos de acceso. (0xc0000022)
[0108/190352.553:ERROR:exception_snapshot_win.cc(98)] thread ID 9000 not found in process
[0108/190429.470:ERROR:process_reader_win.cc(123)] NtOpenThread: {Acceso denegado} Un proceso ha solicitado acceso a un objeto, pero no se le han concedido esos derechos de acceso. (0xc0000022)
[0108/190429.470:ERROR:exception_snapshot_win.cc(98)] thread ID 4380 not found in process
[0109/152342.970:ERROR:process_reader_win.cc(123)] NtOpenThread: {Acceso denegado} Un proceso ha solicitado acceso a un objeto, pero no se le han concedido esos derechos de acceso. (0xc0000022)
[0109/152342.986:ERROR:exception_snapshot_win.cc(98)] thread ID 6376 not found in process
[0109/152525.426:ERROR:process_reader_win.cc(123)] NtOpenThread: {Acceso denegado} Un proceso ha solicitado acceso a un objeto, pero no se le han concedido esos derechos de acceso. (0xc0000022)
[0109/152525.427:ERROR:exception_snapshot_win.cc(98)] thread ID 8864 not found in process
[0109/152741.193:ERROR:process_reader_win.cc(123)] NtOpenThread: {Acceso denegado} Un proceso ha solicitado acceso a un objeto, pero no se le han concedido esos derechos de acceso. (0xc0000022)
[0109/152741.193:ERROR:exception_snapshot_win.cc(98)] thread ID 8992 not found in process
[0109/152845.784:ERROR:process_reader_win.cc(123)] NtOpenThread: {Acceso denegado} Un proceso ha solicitado acceso a un objeto, pero no se le han concedido esos derechos de acceso. (0xc0000022)
[0109/152845.784:ERROR:exception_snapshot_win.cc(98)] thread ID 5376 not found in process
[0109/152955.140:ERROR:process_reader_win.cc(123)] NtOpenThread: {Acceso denegado} Un proceso ha solicitado acceso a un objeto, pero no se le han concedido esos derechos de acceso. (0xc0000022)
[0109/152955.140:ERROR:exception_snapshot_win.cc(98)] thread ID 8820 not found in process
[0109/160150.683:ERROR:process_reader_win.cc(123)] NtOpenThread: {Acceso denegado} Un proceso ha solicitado acceso a un objeto, pero no se le han concedido esos derechos de acceso. (0xc0000022)
[0109/160150.683:ERROR:exception_snapshot_win.cc(98)] thread ID 12200 not found in process
[0109/160230.034:ERROR:process_reader_win.cc(123)] NtOpenThread: {Acceso denegado} Un proceso ha solicitado acceso a un objeto, pero no se le han concedido esos derechos de acceso. (0xc0000022)
[0109/160230.034:ERROR:exception_snapshot_win.cc(98)] thread ID 10408 not found in process
[0109/160322.313:ERROR:process_reader_win.cc(123)] NtOpenThread: {Acceso denegado} Un proceso ha solicitado acceso a un objeto, pero no se le han concedido esos derechos de acceso. (0xc0000022)
[0109/160322.328:ERROR:exception_snapshot_win.cc(98)] thread ID 9536 not found in process
[0109/160345.846:ERROR:process_reader_win.cc(123)] NtOpenThread: {Acceso denegado} Un proceso ha solicitado acceso a un objeto, pero no se le han concedido esos derechos de acceso. (0xc0000022)
[0109/160345.846:ERROR:exception_snapshot_win.cc(98)] thread ID 6076 not found in process
[0109/160806.201:ERROR:process_reader_win.cc(123)] NtOpenThread: {Acceso denegado} Un proceso ha solicitado acceso a un objeto, pero no se le han concedido esos derechos de acceso. (0xc0000022)
[0109/160806.216:ERROR:exception_snapshot_win.cc(98)] thread ID 6932 not found in process
[0109/160809.535:ERROR:process_reader_win.cc(123)] NtOpenThread: {Acceso denegado} Un proceso ha solicitado acceso a un objeto, pero no se le han concedido esos derechos de acceso. (0xc0000022)
[0109/160809.535:ERROR:exception_snapshot_win.cc(98)] thread ID 1892 not found in process
[0109/160836.193:ERROR:process_reader_win.cc(123)] NtOpenThread: {Acceso denegado} Un proceso ha solicitado acceso a un objeto, pero no se le han concedido esos derechos de acceso. (0xc0000022)
[0109/160836.194:ERROR:exception_snapshot_win.cc(98)] thread ID 12048 not found in process
[0109/160919.892:ERROR:process_reader_win.cc(123)] NtOpenThread: {Acceso denegado} Un proceso ha solicitado acceso a un objeto, pero no se le han concedido esos derechos de acceso. (0xc0000022)
[0109/160919.892:ERROR:exception_snapshot_win.cc(98)] thread ID 12628 not found in process
[0109/161405.541:ERROR:process_reader_win.cc(123)] NtOpenThread: {Acceso denegado} Un proceso ha solicitado acceso a un objeto, pero no se le han concedido esos derechos de acceso. (0xc0000022)
[0109/161405.541:ERROR:exception_snapshot_win.cc(98)] thread ID 9880 not found in process
[0109/161520.073:ERROR:process_reader_win.cc(123)] NtOpenThread: {Acceso denegado} Un proceso ha solicitado acceso a un objeto, pero no se le han concedido esos derechos de acceso. (0xc0000022)
[0109/161520.073:ERROR:exception_snapshot_win.cc(98)] thread ID 4384 not found in process
[0109/161941.857:ERROR:process_reader_win.cc(123)] NtOpenThread: {Acceso denegado} Un proceso ha solicitado acceso a un objeto, pero no se le han concedido esos derechos de acceso. (0xc0000022)
[0109/161941.857:ERROR:exception_snapshot_win.cc(98)] thread ID 7524 not found in process
[0109/162250.890:ERROR:process_reader_win.cc(123)] NtOpenThread: {Acceso denegado} Un proceso ha solicitado acceso a un objeto, pero no se le han concedido esos derechos de acceso. (0xc0000022)
[0109/162250.890:ERROR:exception_snapshot_win.cc(98)] thread ID 10748 not found in process
[0109/162618.992:ERROR:process_reader_win.cc(123)] NtOpenThread: {Acceso denegado} Un proceso ha solicitado acceso a un objeto, pero no se le han concedido esos derechos de acceso. (0xc0000022)
[0109/162618.992:ERROR:exception_snapshot_win.cc(98)] thread ID 8420 not found in process
[0109/162641.793:ERROR:process_reader_win.cc(123)] NtOpenThread: {Acceso denegado} Un proceso ha solicitado acceso a un objeto, pero no se le han concedido esos derechos de acceso. (0xc0000022)
[0109/162641.793:ERROR:exception_snapshot_win.cc(98)] thread ID 9684 not found in process
[0109/162711.562:ERROR:process_reader_win.cc(123)] NtOpenThread: {Acceso denegado} Un proceso ha solicitado acceso a un objeto, pero no se le han concedido esos derechos de acceso. (0xc0000022)
[0109/162711.562:ERROR:exception_snapshot_win.cc(98)] thread ID 10180 not found in process
[0109/162757.808:ERROR:process_reader_win.cc(123)] NtOpenThread: {Acceso denegado} Un proceso ha solicitado acceso a un objeto, pero no se le han concedido esos derechos de acceso. (0xc0000022)
[0109/162757.808:ERROR:exception_snapshot_win.cc(98)] thread ID 9652 not found in process
[0109/163131.196:ERROR:process_reader_win.cc(123)] NtOpenThread: {Acceso denegado} Un proceso ha solicitado acceso a un objeto, pero no se le han concedido esos derechos de acceso. (0xc0000022)
[0109/163131.196:ERROR:exception_snapshot_win.cc(98)] thread ID 10256 not found in process
[0109/163158.413:ERROR:process_reader_win.cc(123)] NtOpenThread: {Acceso denegado} Un proceso ha solicitado acceso a un objeto, pero no se le han concedido esos derechos de acceso. (0xc0000022)
[0109/163158.429:ERROR:exception_snapshot_win.cc(98)] thread ID 11824 not found in process
[0109/163501.067:ERROR:process_reader_win.cc(123)] NtOpenThread: {Acceso denegado} Un proceso ha solicitado acceso a un objeto, pero no se le han concedido esos derechos de acceso. (0xc0000022)
[0109/163501.067:ERROR:exception_snapshot_win.cc(98)] thread ID 6932 not found in process
[0109/163921.818:ERROR:process_reader_win.cc(123)] NtOpenThread: {Acceso denegado} Un proceso ha solicitado acceso a un objeto, pero no se le han concedido esos derechos de acceso. (0xc0000022)
[0109/163921.818:ERROR:exception_snapshot_win.cc(98)] thread ID 10292 not found in process
[0109/163959.201:ERROR:process_reader_win.cc(123)] NtOpenThread: {Acceso denegado} Un proceso ha solicitado acceso a un objeto, pero no se le han concedido esos derechos de acceso. (0xc0000022)
[0109/163959.201:ERROR:exception_snapshot_win.cc(98)] thread ID 12936 not found in process
[0109/164404.172:ERROR:process_reader_win.cc(123)] NtOpenThread: {Acceso denegado} Un proceso ha solicitado acceso a un objeto, pero no se le han concedido esos derechos de acceso. (0xc0000022)
[0109/164404.173:ERROR:exception_snapshot_win.cc(98)] thread ID 2180 not found in process
[0109/164443.263:ERROR:process_reader_win.cc(123)] NtOpenThread: {Acceso denegado} Un proceso ha solicitado acceso a un objeto, pero no se le han concedido esos derechos de acceso. (0xc0000022)
[0109/164443.264:ERROR:exception_snapshot_win.cc(98)] thread ID 848 not found in process
[0109/165230.482:ERROR:process_reader_win.cc(123)] NtOpenThread: {Acceso denegado} Un proceso ha solicitado acceso a un objeto, pero no se le han concedido esos derechos de acceso. (0xc0000022)
[0109/165230.482:ERROR:exception_snapshot_win.cc(98)] thread ID 6572 not found in process
[0109/171440.080:ERROR:process_reader_win.cc(123)] NtOpenThread: {Acceso denegado} Un proceso ha solicitado acceso a un objeto, pero no se le han concedido esos derechos de acceso. (0xc0000022)
[0109/171440.080:ERROR:exception_snapshot_win.cc(98)] thread ID 12568 not found in process
[0109/171621.281:ERROR:process_reader_win.cc(123)] NtOpenThread: {Acceso denegado} Un proceso ha solicitado acceso a un objeto, pero no se le han concedido esos derechos de acceso. (0xc0000022)
[0109/171621.281:ERROR:exception_snapshot_win.cc(98)] thread ID 9200 not found in process
[0109/174408.074:ERROR:process_reader_win.cc(123)] NtOpenThread: {Acceso denegado} Un proceso ha solicitado acceso a un objeto, pero no se le han concedido esos derechos de acceso. (0xc0000022)
[0109/174408.074:ERROR:exception_snapshot_win.cc(98)] thread ID 6956 not found in process
[0109/174455.903:ERROR:process_reader_win.cc(123)] NtOpenThread: {Acceso denegado} Un proceso ha solicitado acceso a un objeto, pero no se le han concedido esos derechos de acceso. (0xc0000022)
[0109/174455.903:ERROR:exception_snapshot_win.cc(98)] thread ID 6968 not found in process
[0109/174631.423:ERROR:process_reader_win.cc(123)] NtOpenThread: {Acceso denegado} Un proceso ha solicitado acceso a un objeto, pero no se le han concedido esos derechos de acceso. (0xc0000022)
[0109/174631.423:ERROR:exception_snapshot_win.cc(98)] thread ID 11724 not found in process
[0109/181943.015:ERROR:process_reader_win.cc(123)] NtOpenThread: {Acceso denegado} Un proceso ha solicitado acceso a un objeto, pero no se le han concedido esos derechos de acceso. (0xc0000022)
[0109/181943.015:ERROR:exception_snapshot_win.cc(98)] thread ID 13284 not found in process
[0109/181945.139:ERROR:process_reader_win.cc(123)] NtOpenThread: {Acceso denegado} Un proceso ha solicitado acceso a un objeto, pero no se le han concedido esos derechos de acceso. (0xc0000022)
[0109/181945.139:ERROR:exception_snapshot_win.cc(98)] thread ID 12064 not found in process
[0109/182944.213:ERROR:process_reader_win.cc(123)] NtOpenThread: {Acceso denegado} Un proceso ha solicitado acceso a un objeto, pero no se le han concedido esos derechos de acceso. (0xc0000022)
[0109/182944.213:ERROR:exception_snapshot_win.cc(98)] thread ID 10836 not found in process
[0109/182948.638:ERROR:process_reader_win.cc(123)] NtOpenThread: {Acceso denegado} Un proceso ha solicitado acceso a un objeto, pero no se le han concedido esos derechos de acceso. (0xc0000022)
[0109/182948.638:ERROR:exception_snapshot_win.cc(98)] thread ID 3140 not found in process
[0109/183019.897:ERROR:process_reader_win.cc(123)] NtOpenThread: {Acceso denegado} Un proceso ha solicitado acceso a un objeto, pero no se le han concedido esos derechos de acceso. (0xc0000022)
[0109/183019.898:ERROR:exception_snapshot_win.cc(98)] thread ID 12728 not found in process
[0109/183133.935:ERROR:process_reader_win.cc(151)] SuspendThread: Acceso denegado. (0x5)
[0109/183133.936:ERROR:process_reader_win.cc(151)] SuspendThread: Acceso denegado. (0x5)
[0109/183133.936:ERROR:process_reader_win.cc(151)] SuspendThread: Acceso denegado. (0x5)
[0109/183133.936:ERROR:process_reader_win.cc(151)] SuspendThread: Acceso denegado. (0x5)
[0109/183133.936:ERROR:process_reader_win.cc(151)] SuspendThread: Acceso denegado. (0x5)
[0109/183133.936:ERROR:process_reader_win.cc(151)] SuspendThread: Acceso denegado. (0x5)
[0109/183133.936:ERROR:process_reader_win.cc(151)] SuspendThread: Acceso denegado. (0x5)
[0109/183133.936:ERROR:process_reader_win.cc(151)] SuspendThread: Acceso denegado. (0x5)
[0109/183133.937:ERROR:process_reader_win.cc(151)] SuspendThread: Acceso denegado. (0x5)
[0109/183133.937:ERROR:process_reader_win.cc(151)] SuspendThread: Acceso denegado. (0x5)
[0109/183133.937:ERROR:process_reader_win.cc(151)] SuspendThread: Acceso denegado. (0x5)
[0109/183133.937:ERROR:process_reader_win.cc(151)] SuspendThread: Acceso denegado. (0x5)
[0109/183133.937:ERROR:process_reader_win.cc(151)] SuspendThread: Acceso denegado. (0x5)
[0109/183133.937:ERROR:process_reader_win.cc(151)] SuspendThread: Acceso denegado. (0x5)
[0109/183133.937:ERROR:process_reader_win.cc(151)] SuspendThread: Acceso denegado. (0x5)
[0109/183133.937:ERROR:process_reader_win.cc(151)] SuspendThread: Acceso denegado. (0x5)
[0109/183133.937:ERROR:process_reader_win.cc(151)] SuspendThread: Acceso denegado. (0x5)
[0109/183133.937:ERROR:process_reader_win.cc(151)] SuspendThread: Acceso denegado. (0x5)
[0109/183133.937:ERROR:process_reader_win.cc(123)] NtOpenThread: {Acceso denegado} Un proceso ha solicitado acceso a un objeto, pero no se le han concedido esos derechos de acceso. (0xc0000022)
[0109/183133.937:ERROR:exception_snapshot_win.cc(98)] thread ID 10396 not found in process
[0109/183157.775:ERROR:process_reader_win.cc(123)] NtOpenThread: {Acceso denegado} Un proceso ha solicitado acceso a un objeto, pero no se le han concedido esos derechos de acceso. (0xc0000022)
[0109/183157.776:ERROR:exception_snapshot_win.cc(98)] thread ID 1192 not found in process
[0109/184644.320:ERROR:process_reader_win.cc(123)] NtOpenThread: {Acceso denegado} Un proceso ha solicitado acceso a un objeto, pero no se le han concedido esos derechos de acceso. (0xc0000022)
[0109/184644.321:ERROR:exception_snapshot_win.cc(98)] thread ID 10152 not found in process
[0109/185008.959:ERROR:process_reader_win.cc(123)] NtOpenThread: {Acceso denegado} Un proceso ha solicitado acceso a un objeto, pero no se le han concedido esos derechos de acceso. (0xc0000022)
[0109/185008.960:ERROR:exception_snapshot_win.cc(98)] thread ID 2716 not found in process
[0109/190728.125:ERROR:process_reader_win.cc(123)] NtOpenThread: {Acceso denegado} Un proceso ha solicitado acceso a un objeto, pero no se le han concedido esos derechos de acceso. (0xc0000022)
[0109/190728.126:ERROR:exception_snapshot_win.cc(98)] thread ID 13252 not found in process
[0109/190803.089:ERROR:process_reader_win.cc(123)] NtOpenThread: {Acceso denegado} Un proceso ha solicitado acceso a un objeto, pero no se le han concedido esos derechos de acceso. (0xc0000022)
[0109/190803.089:ERROR:exception_snapshot_win.cc(98)] thread ID 6876 not found in process
[0109/190907.562:ERROR:process_reader_win.cc(123)] NtOpenThread: {Acceso denegado} Un proceso ha solicitado acceso a un objeto, pero no se le han concedido esos derechos de acceso. (0xc0000022)
[0109/190907.562:ERROR:exception_snapshot_win.cc(98)] thread ID 9620 not found in process
[0109/191258.295:ERROR:process_reader_win.cc(123)] NtOpenThread: {Acceso denegado} Un proceso ha solicitado acceso a un objeto, pero no se le han concedido esos derechos de acceso. (0xc0000022)
[0109/191258.296:ERROR:exception_snapshot_win.cc(98)] thread ID 9808 not found in process
[0109/192032.732:ERROR:process_reader_win.cc(123)] NtOpenThread: {Acceso denegado} Un proceso ha solicitado acceso a un objeto, pero no se le han concedido esos derechos de acceso. (0xc0000022)
[0109/192032.733:ERROR:exception_snapshot_win.cc(98)] thread ID 9340 not found in process
[0109/192127.712:ERROR:process_reader_win.cc(123)] NtOpenThread: {Acceso denegado} Un proceso ha solicitado acceso a un objeto, pero no se le han concedido esos derechos de acceso. (0xc0000022)
[0109/192127.713:ERROR:exception_snapshot_win.cc(98)] thread ID 11404 not found in process
[0109/192355.084:ERROR:process_reader_win.cc(123)] NtOpenThread: {Acceso denegado} Un proceso ha solicitado acceso a un objeto, pero no se le han concedido esos derechos de acceso. (0xc0000022)
[0109/192355.085:ERROR:exception_snapshot_win.cc(98)] thread ID 12440 not found in process
[0109/192509.698:ERROR:process_reader_win.cc(123)] NtOpenThread: {Acceso denegado} Un proceso ha solicitado acceso a un objeto, pero no se le han concedido esos derechos de acceso. (0xc0000022)
[0109/192509.699:ERROR:exception_snapshot_win.cc(98)] thread ID 2340 not found in process
[0109/192617.352:ERROR:process_reader_win.cc(123)] NtOpenThread: {Acceso denegado} Un proceso ha solicitado acceso a un objeto, pero no se le han concedido esos derechos de acceso. (0xc0000022)
[0109/192617.354:ERROR:exception_snapshot_win.cc(98)] thread ID 12468 not found in process
[0109/192650.413:ERROR:process_reader_win.cc(123)] NtOpenThread: {Acceso denegado} Un proceso ha solicitado acceso a un objeto, pero no se le han concedido esos derechos de acceso. (0xc0000022)
[0109/192650.413:ERROR:exception_snapshot_win.cc(98)] thread ID 1944 not found in process
[0109/193220.562:ERROR:process_reader_win.cc(123)] NtOpenThread: {Acceso denegado} Un proceso ha solicitado acceso a un objeto, pero no se le han concedido esos derechos de acceso. (0xc0000022)
[0109/193220.562:ERROR:exception_snapshot_win.cc(98)] thread ID 5828 not found in process
[0109/193417.714:ERROR:process_reader_win.cc(123)] NtOpenThread: {Acceso denegado} Un proceso ha solicitado acceso a un objeto, pero no se le han concedido esos derechos de acceso. (0xc0000022)
[0109/193417.714:ERROR:exception_snapshot_win.cc(98)] thread ID 6672 not found in process
[0109/193631.261:ERROR:process_reader_win.cc(123)] NtOpenThread: {Acceso denegado} Un proceso ha solicitado acceso a un objeto, pero no se le han concedido esos derechos de acceso. (0xc0000022)
[0109/193631.262:ERROR:exception_snapshot_win.cc(98)] thread ID 6968 not found in process
[0109/194151.610:ERROR:process_reader_win.cc(123)] NtOpenThread: {Acceso denegado} Un proceso ha solicitado acceso a un objeto, pero no se le han concedido esos derechos de acceso. (0xc0000022)
[0109/194151.611:ERROR:exception_snapshot_win.cc(98)] thread ID 12968 not found in process
[0109/194153.441:ERROR:process_reader_win.cc(123)] NtOpenThread: {Acceso denegado} Un proceso ha solicitado acceso a un objeto, pero no se le han concedido esos derechos de acceso. (0xc0000022)
[0109/194153.443:ERROR:exception_snapshot_win.cc(98)] thread ID 8108 not found in process
[0109/194334.328:ERROR:process_reader_win.cc(123)] NtOpenThread: {Acceso denegado} Un proceso ha solicitado acceso a un objeto, pero no se le han concedido esos derechos de acceso. (0xc0000022)
[0109/194334.329:ERROR:exception_snapshot_win.cc(98)] thread ID 6000 not found in process
[0109/195546.545:ERROR:process_reader_win.cc(123)] NtOpenThread: {Acceso denegado} Un proceso ha solicitado acceso a un objeto, pero no se le han concedido esos derechos de acceso. (0xc0000022)
[0109/195546.545:ERROR:exception_snapshot_win.cc(98)] thread ID 7952 not found in process
[0109/195955.308:ERROR:process_reader_win.cc(123)] NtOpenThread: {Acceso denegado} Un proceso ha solicitado acceso a un objeto, pero no se le han concedido esos derechos de acceso. (0xc0000022)
[0109/195955.309:ERROR:exception_snapshot_win.cc(98)] thread ID 604 not found in process
[0109/200028.040:ERROR:process_reader_win.cc(123)] NtOpenThread: {Acceso denegado} Un proceso ha solicitado acceso a un objeto, pero no se le han concedido esos derechos de acceso. (0xc0000022)
[0109/200028.041:ERROR:exception_snapshot_win.cc(98)] thread ID 7996 not found in process
[0109/200820.265:ERROR:process_reader_win.cc(123)] NtOpenThread: {Acceso denegado} Un proceso ha solicitado acceso a un objeto, pero no se le han concedido esos derechos de acceso. (0xc0000022)
[0109/200820.266:ERROR:exception_snapshot_win.cc(98)] thread ID 3052 not found in process
[0109/200859.294:ERROR:process_reader_win.cc(123)] NtOpenThread: {Acceso denegado} Un proceso ha solicitado acceso a un objeto, pero no se le han concedido esos derechos de acceso. (0xc0000022)
[0109/200859.295:ERROR:exception_snapshot_win.cc(98)] thread ID 1064 not found in process
[0109/201625.001:ERROR:process_reader_win.cc(123)] NtOpenThread: {Acceso denegado} Un proceso ha solicitado acceso a un objeto, pero no se le han concedido esos derechos de acceso. (0xc0000022)
[0109/201625.003:ERROR:exception_snapshot_win.cc(98)] thread ID 6332 not found in process
[0110/134937.726:ERROR:process_reader_win.cc(123)] NtOpenThread: {Acceso denegado} Un proceso ha solicitado acceso a un objeto, pero no se le han concedido esos derechos de acceso. (0xc0000022)
[0110/134937.728:ERROR:exception_snapshot_win.cc(98)] thread ID 6200 not found in process
[0110/135203.275:ERROR:process_reader_win.cc(123)] NtOpenThread: {Acceso denegado} Un proceso ha solicitado acceso a un objeto, pero no se le han concedido esos derechos de acceso. (0xc0000022)
[0110/135203.275:ERROR:exception_snapshot_win.cc(98)] thread ID 6860 not found in process
[0110/135441.666:ERROR:process_reader_win.cc(123)] NtOpenThread: {Acceso denegado} Un proceso ha solicitado acceso a un objeto, pero no se le han concedido esos derechos de acceso. (0xc0000022)
[0110/135441.666:ERROR:exception_snapshot_win.cc(98)] thread ID 11912 not found in process
[0110/135509.433:ERROR:process_reader_win.cc(123)] NtOpenThread: {Acceso denegado} Un proceso ha solicitado acceso a un objeto, pero no se le han concedido esos derechos de acceso. (0xc0000022)
[0110/135509.434:ERROR:exception_snapshot_win.cc(98)] thread ID 4488 not found in process
[0110/135728.254:ERROR:process_reader_win.cc(123)] NtOpenThread: {Acceso denegado} Un proceso ha solicitado acceso a un objeto, pero no se le han concedido esos derechos de acceso. (0xc0000022)
[0110/135728.255:ERROR:exception_snapshot_win.cc(98)] thread ID 9452 not found in process
[0110/141457.193:ERROR:process_reader_win.cc(123)] NtOpenThread: {Acceso denegado} Un proceso ha solicitado acceso a un objeto, pero no se le han concedido esos derechos de acceso. (0xc0000022)
[0110/141457.193:ERROR:exception_snapshot_win.cc(98)] thread ID 3668 not found in process
[0110/141657.240:ERROR:process_reader_win.cc(123)] NtOpenThread: {Acceso denegado} Un proceso ha solicitado acceso a un objeto, pero no se le han concedido esos derechos de acceso. (0xc0000022)
[0110/141657.240:ERROR:exception_snapshot_win.cc(98)] thread ID 9308 not found in process
[0110/141904.910:ERROR:process_reader_win.cc(123)] NtOpenThread: {Acceso denegado} Un proceso ha solicitado acceso a un objeto, pero no se le han concedido esos derechos de acceso. (0xc0000022)
[0110/141904.910:ERROR:exception_snapshot_win.cc(98)] thread ID 12296 not found in process
[0110/141906.828:ERROR:process_reader_win.cc(123)] NtOpenThread: {Acceso denegado} Un proceso ha solicitado acceso a un objeto, pero no se le han concedido esos derechos de acceso. (0xc0000022)
[0110/141906.828:ERROR:exception_snapshot_win.cc(98)] thread ID 10540 not found in process
[0110/142719.123:ERROR:process_reader_win.cc(123)] NtOpenThread: {Acceso denegado} Un proceso ha solicitado acceso a un objeto, pero no se le han concedido esos derechos de acceso. (0xc0000022)
[0110/142719.123:ERROR:exception_snapshot_win.cc(98)] thread ID 3316 not found in process
[0110/142741.728:ERROR:process_reader_win.cc(123)] NtOpenThread: {Acceso denegado} Un proceso ha solicitado acceso a un objeto, pero no se le han concedido esos derechos de acceso. (0xc0000022)
[0110/142741.728:ERROR:exception_snapshot_win.cc(98)] thread ID 3688 not found in process
[0110/143441.117:ERROR:process_reader_win.cc(123)] NtOpenThread: {Acceso denegado} Un proceso ha solicitado acceso a un objeto, pero no se le han concedido esos derechos de acceso. (0xc0000022)
[0110/143441.117:ERROR:exception_snapshot_win.cc(98)] thread ID 1740 not found in process
[0110/144858.252:ERROR:process_reader_win.cc(123)] NtOpenThread: {Acceso denegado} Un proceso ha solicitado acceso a un objeto, pero no se le han concedido esos derechos de acceso. (0xc0000022)
[0110/144858.252:ERROR:exception_snapshot_win.cc(98)] thread ID 11036 not found in process
[0110/145626.661:ERROR:process_reader_win.cc(123)] NtOpenThread: {Acceso denegado} Un proceso ha solicitado acceso a un objeto, pero no se le han concedido esos derechos de acceso. (0xc0000022)
[0110/145626.661:ERROR:exception_snapshot_win.cc(98)] thread ID 10880 not found in process
[0110/145700.799:ERROR:process_reader_win.cc(123)] NtOpenThread: {Acceso denegado} Un proceso ha solicitado acceso a un objeto, pero no se le han concedido esos derechos de acceso. (0xc0000022)
[0110/145700.799:ERROR:exception_snapshot_win.cc(98)] thread ID 6268 not found in process
[0110/150253.271:ERROR:process_reader_win.cc(123)] NtOpenThread: {Acceso denegado} Un proceso ha solicitado acceso a un objeto, pero no se le han concedido esos derechos de acceso. (0xc0000022)
[0110/150253.271:ERROR:exception_snapshot_win.cc(98)] thread ID 12272 not found in process
[0110/151541.869:ERROR:file_io.cc(89)] ReadExactly: expected 36, observed 0
[0110/151610.509:ERROR:process_reader_win.cc(123)] NtOpenThread: {Acceso denegado} Un proceso ha solicitado acceso a un objeto, pero no se le han concedido esos derechos de acceso. (0xc0000022)
[0110/151610.509:ERROR:exception_snapshot_win.cc(98)] thread ID 9764 not found in process
[0110/152851.834:ERROR:process_reader_win.cc(123)] NtOpenThread: {Acceso denegado} Un proceso ha solicitado acceso a un objeto, pero no se le han concedido esos derechos de acceso. (0xc0000022)
[0110/152851.834:ERROR:exception_snapshot_win.cc(98)] thread ID 11644 not found in process
[0110/153243.270:ERROR:process_reader_win.cc(123)] NtOpenThread: {Acceso denegado} Un proceso ha solicitado acceso a un objeto, pero no se le han concedido esos derechos de acceso. (0xc0000022)
[0110/153243.270:ERROR:exception_snapshot_win.cc(98)] thread ID 3284 not found in process
[0113/153510.212:ERROR:process_reader_win.cc(123)] NtOpenThread: {Acceso denegado} Un proceso ha solicitado acceso a un objeto, pero no se le han concedido esos derechos de acceso. (0xc0000022)
[0113/153510.212:ERROR:exception_snapshot_win.cc(98)] thread ID 5072 not found in process
[0113/153540.547:ERROR:process_reader_win.cc(123)] NtOpenThread: {Acceso denegado} Un proceso ha solicitado acceso a un objeto, pero no se le han concedido esos derechos de acceso. (0xc0000022)
[0113/153540.547:ERROR:exception_snapshot_win.cc(98)] thread ID 10768 not found in process
[0113/153828.661:ERROR:process_reader_win.cc(151)] SuspendThread: Acceso denegado. (0x5)
[0113/153828.661:ERROR:process_reader_win.cc(151)] SuspendThread: Acceso denegado. (0x5)
[0113/153828.661:ERROR:process_reader_win.cc(151)] SuspendThread: Acceso denegado. (0x5)
[0113/153828.661:ERROR:process_reader_win.cc(151)] SuspendThread: Acceso denegado. (0x5)
[0113/153828.661:ERROR:process_reader_win.cc(123)] NtOpenThread: {Acceso denegado} Un proceso ha solicitado acceso a un objeto, pero no se le han concedido esos derechos de acceso. (0xc0000022)
[0113/153828.661:ERROR:exception_snapshot_win.cc(98)] thread ID 13160 not found in process
[0113/153856.553:ERROR:process_reader_win.cc(123)] NtOpenThread: {Acceso denegado} Un proceso ha solicitado acceso a un objeto, pero no se le han concedido esos derechos de acceso. (0xc0000022)
[0113/153856.553:ERROR:exception_snapshot_win.cc(98)] thread ID 12160 not found in process
[0113/154206.316:ERROR:process_reader_win.cc(123)] NtOpenThread: {Acceso denegado} Un proceso ha solicitado acceso a un objeto, pero no se le han concedido esos derechos de acceso. (0xc0000022)
[0113/154206.316:ERROR:exception_snapshot_win.cc(98)] thread ID 12756 not found in process
[0113/154208.936:ERROR:process_reader_win.cc(123)] NtOpenThread: {Acceso denegado} Un proceso ha solicitado acceso a un objeto, pero no se le han concedido esos derechos de acceso. (0xc0000022)
[0113/154208.936:ERROR:exception_snapshot_win.cc(98)] thread ID 4908 not found in process
[0113/154305.063:ERROR:process_reader_win.cc(123)] NtOpenThread: {Acceso denegado} Un proceso ha solicitado acceso a un objeto, pero no se le han concedido esos derechos de acceso. (0xc0000022)
[0113/154305.063:ERROR:exception_snapshot_win.cc(98)] thread ID 9100 not found in process
[0113/154336.932:ERROR:process_reader_win.cc(123)] NtOpenThread: {Acceso denegado} Un proceso ha solicitado acceso a un objeto, pero no se le han concedido esos derechos de acceso. (0xc0000022)
[0113/154336.948:ERROR:exception_snapshot_win.cc(98)] thread ID 7784 not found in process
[0113/154803.149:ERROR:process_reader_win.cc(123)] NtOpenThread: {Acceso denegado} Un proceso ha solicitado acceso a un objeto, pero no se le han concedido esos derechos de acceso. (0xc0000022)
[0113/154803.149:ERROR:exception_snapshot_win.cc(98)] thread ID 10036 not found in process
[0113/154942.531:ERROR:process_reader_win.cc(123)] NtOpenThread: {Acceso denegado} Un proceso ha solicitado acceso a un objeto, pero no se le han concedido esos derechos de acceso. (0xc0000022)
[0113/154942.531:ERROR:exception_snapshot_win.cc(98)] thread ID 7544 not found in process
[0113/155037.424:ERROR:process_reader_win.cc(123)] NtOpenThread: {Acceso denegado} Un proceso ha solicitado acceso a un objeto, pero no se le han concedido esos derechos de acceso. (0xc0000022)
[0113/155037.424:ERROR:exception_snapshot_win.cc(98)] thread ID 1692 not found in process
[0113/155312.929:ERROR:process_reader_win.cc(123)] NtOpenThread: {Acceso denegado} Un proceso ha solicitado acceso a un objeto, pero no se le han concedido esos derechos de acceso. (0xc0000022)
[0113/155312.930:ERROR:exception_snapshot_win.cc(98)] thread ID 11000 not found in process
[0113/161210.364:ERROR:process_reader_win.cc(123)] NtOpenThread: {Acceso denegado} Un proceso ha solicitado acceso a un objeto, pero no se le han concedido esos derechos de acceso. (0xc0000022)
[0113/161210.364:ERROR:exception_snapshot_win.cc(98)] thread ID 8812 not found in process
[0113/162215.449:ERROR:process_reader_win.cc(123)] NtOpenThread: {Acceso denegado} Un proceso ha solicitado acceso a un objeto, pero no se le han concedido esos derechos de acceso. (0xc0000022)
[0113/162215.450:ERROR:exception_snapshot_win.cc(98)] thread ID 13268 not found in process
[0113/173241.030:ERROR:process_reader_win.cc(123)] NtOpenThread: {Acceso denegado} Un proceso ha solicitado acceso a un objeto, pero no se le han concedido esos derechos de acceso. (0xc0000022)
[0113/173241.032:ERROR:exception_snapshot_win.cc(98)] thread ID 5308 not found in process
[0113/173434.201:ERROR:file_io.cc(89)] ReadExactly: expected 36, observed 0
[0113/180722.827:ERROR:process_reader_win.cc(123)] NtOpenThread: {Acceso denegado} Un proceso ha solicitado acceso a un objeto, pero no se le han concedido esos derechos de acceso. (0xc0000022)
[0113/180722.828:ERROR:exception_snapshot_win.cc(98)] thread ID 1660 not found in process
[0113/181015.549:ERROR:process_reader_win.cc(123)] NtOpenThread: {Acceso denegado} Un proceso ha solicitado acceso a un objeto, pero no se le han concedido esos derechos de acceso. (0xc0000022)
[0113/181015.550:ERROR:exception_snapshot_win.cc(98)] thread ID 4860 not found in process
[0113/181205.817:ERROR:process_reader_win.cc(123)] NtOpenThread: {Acceso denegado} Un proceso ha solicitado acceso a un objeto, pero no se le han concedido esos derechos de acceso. (0xc0000022)
[0113/181205.819:ERROR:exception_snapshot_win.cc(98)] thread ID 2576 not found in process
[0113/181340.040:ERROR:process_reader_win.cc(123)] NtOpenThread: {Acceso denegado} Un proceso ha solicitado acceso a un objeto, pero no se le han concedido esos derechos de acceso. (0xc0000022)
[0113/181340.040:ERROR:exception_snapshot_win.cc(98)] thread ID 13440 not found in process
[0113/181655.189:ERROR:process_reader_win.cc(123)] NtOpenThread: {Acceso denegado} Un proceso ha solicitado acceso a un objeto, pero no se le han concedido esos derechos de acceso. (0xc0000022)
[0113/181655.189:ERROR:exception_snapshot_win.cc(98)] thread ID 3536 not found in process
[0113/182101.123:ERROR:process_reader_win.cc(123)] NtOpenThread: {Acceso denegado} Un proceso ha solicitado acceso a un objeto, pero no se le han concedido esos derechos de acceso. (0xc0000022)
[0113/182101.125:ERROR:exception_snapshot_win.cc(98)] thread ID 9188 not found in process
[0113/182206.331:ERROR:process_reader_win.cc(123)] NtOpenThread: {Acceso denegado} Un proceso ha solicitado acceso a un objeto, pero no se le han concedido esos derechos de acceso. (0xc0000022)
[0113/182206.332:ERROR:exception_snapshot_win.cc(98)] thread ID 13672 not found in process
[0113/182655.993:ERROR:process_reader_win.cc(123)] NtOpenThread: {Acceso denegado} Un proceso ha solicitado acceso a un objeto, pero no se le han concedido esos derechos de acceso. (0xc0000022)
[0113/182655.994:ERROR:exception_snapshot_win.cc(98)] thread ID 11692 not found in process
[0113/182732.935:ERROR:process_reader_win.cc(123)] NtOpenThread: {Acceso denegado} Un proceso ha solicitado acceso a un objeto, pero no se le han concedido esos derechos de acceso. (0xc0000022)
[0113/182732.936:ERROR:exception_snapshot_win.cc(98)] thread ID 13776 not found in process
[0113/183016.693:ERROR:file_io.cc(89)] ReadExactly: expected 36, observed 0
[0113/183028.372:ERROR:process_reader_win.cc(123)] NtOpenThread: {Acceso denegado} Un proceso ha solicitado acceso a un objeto, pero no se le han concedido esos derechos de acceso. (0xc0000022)
[0113/183028.372:ERROR:exception_snapshot_win.cc(98)] thread ID 1360 not found in process
[0113/183226.907:ERROR:process_reader_win.cc(123)] NtOpenThread: {Acceso denegado} Un proceso ha solicitado acceso a un objeto, pero no se le han concedido esos derechos de acceso. (0xc0000022)
[0113/183226.907:ERROR:exception_snapshot_win.cc(98)] thread ID 8236 not found in process
[0113/183803.066:ERROR:process_reader_win.cc(123)] NtOpenThread: {Acceso denegado} Un proceso ha solicitado acceso a un objeto, pero no se le han concedido esos derechos de acceso. (0xc0000022)
[0113/183803.067:ERROR:exception_snapshot_win.cc(98)] thread ID 13988 not found in process
[0113/184043.032:ERROR:process_reader_win.cc(123)] NtOpenThread: {Acceso denegado} Un proceso ha solicitado acceso a un objeto, pero no se le han concedido esos derechos de acceso. (0xc0000022)
[0113/184043.033:ERROR:exception_snapshot_win.cc(98)] thread ID 8280 not found in process
[0113/184425.091:ERROR:process_reader_win.cc(123)] NtOpenThread: {Acceso denegado} Un proceso ha solicitado acceso a un objeto, pero no se le han concedido esos derechos de acceso. (0xc0000022)
[0113/184425.091:ERROR:exception_snapshot_win.cc(98)] thread ID 13336 not found in process
[0113/184511.830:ERROR:process_reader_win.cc(123)] NtOpenThread: {Acceso denegado} Un proceso ha solicitado acceso a un objeto, pero no se le han concedido esos derechos de acceso. (0xc0000022)
[0113/184511.831:ERROR:exception_snapshot_win.cc(98)] thread ID 4308 not found in process
[0113/185517.399:ERROR:process_reader_win.cc(123)] NtOpenThread: {Acceso denegado} Un proceso ha solicitado acceso a un objeto, pero no se le han concedido esos derechos de acceso. (0xc0000022)
[0113/185517.400:ERROR:exception_snapshot_win.cc(98)] thread ID 4064 not found in process
[0113/185853.213:ERROR:process_reader_win.cc(123)] NtOpenThread: {Acceso denegado} Un proceso ha solicitado acceso a un objeto, pero no se le han concedido esos derechos de acceso. (0xc0000022)
[0113/185853.214:ERROR:exception_snapshot_win.cc(98)] thread ID 10948 not found in process
[0113/190843.261:ERROR:process_reader_win.cc(123)] NtOpenThread: {Acceso denegado} Un proceso ha solicitado acceso a un objeto, pero no se le han concedido esos derechos de acceso. (0xc0000022)
[0113/190843.263:ERROR:exception_snapshot_win.cc(98)] thread ID 14084 not found in process
[0113/194413.932:ERROR:process_reader_win.cc(123)] NtOpenThread: {Acceso denegado} Un proceso ha solicitado acceso a un objeto, pero no se le han concedido esos derechos de acceso. (0xc0000022)
[0113/194413.932:ERROR:exception_snapshot_win.cc(98)] thread ID 7296 not found in process
[0113/194445.869:ERROR:process_reader_win.cc(123)] NtOpenThread: {Acceso denegado} Un proceso ha solicitado acceso a un objeto, pero no se le han concedido esos derechos de acceso. (0xc0000022)
[0113/194445.870:ERROR:exception_snapshot_win.cc(98)] thread ID 8176 not found in process
[0113/194515.601:ERROR:process_reader_win.cc(123)] NtOpenThread: {Acceso denegado} Un proceso ha solicitado acceso a un objeto, pero no se le han concedido esos derechos de acceso. (0xc0000022)
[0113/194515.601:ERROR:exception_snapshot_win.cc(98)] thread ID 14192 not found in process
[0113/194722.411:ERROR:process_reader_win.cc(123)] NtOpenThread: {Acceso denegado} Un proceso ha solicitado acceso a un objeto, pero no se le han concedido esos derechos de acceso. (0xc0000022)
[0113/194722.412:ERROR:exception_snapshot_win.cc(98)] thread ID 11488 not found in process
[0113/194727.165:ERROR:process_reader_win.cc(123)] NtOpenThread: {Acceso denegado} Un proceso ha solicitado acceso a un objeto, pero no se le han concedido esos derechos de acceso. (0xc0000022)
[0113/194727.166:ERROR:exception_snapshot_win.cc(98)] thread ID 11496 not found in process
[0113/194809.428:ERROR:process_reader_win.cc(123)] NtOpenThread: {Acceso denegado} Un proceso ha solicitado acceso a un objeto, pero no se le han concedido esos derechos de acceso. (0xc0000022)
[0113/194809.428:ERROR:exception_snapshot_win.cc(98)] thread ID 3872 not found in process
[0113/194836.033:ERROR:process_reader_win.cc(123)] NtOpenThread: {Acceso denegado} Un proceso ha solicitado acceso a un objeto, pero no se le han concedido esos derechos de acceso. (0xc0000022)
[0113/194836.034:ERROR:exception_snapshot_win.cc(98)] thread ID 9296 not found in process
[0113/194904.897:ERROR:process_reader_win.cc(123)] NtOpenThread: {Acceso denegado} Un proceso ha solicitado acceso a un objeto, pero no se le han concedido esos derechos de acceso. (0xc0000022)
[0113/194904.898:ERROR:exception_snapshot_win.cc(98)] thread ID 12860 not found in process
[0113/195135.783:ERROR:process_reader_win.cc(123)] NtOpenThread: {Acceso denegado} Un proceso ha solicitado acceso a un objeto, pero no se le han concedido esos derechos de acceso. (0xc0000022)
[0113/195135.784:ERROR:exception_snapshot_win.cc(98)] thread ID 14912 not found in process
[0113/195147.323:ERROR:process_reader_win.cc(123)] NtOpenThread: {Acceso denegado} Un proceso ha solicitado acceso a un objeto, pero no se le han concedido esos derechos de acceso. (0xc0000022)
[0113/195147.324:ERROR:exception_snapshot_win.cc(98)] thread ID 15092 not found in process
[0113/195502.025:ERROR:process_reader_win.cc(123)] NtOpenThread: {Acceso denegado} Un proceso ha solicitado acceso a un objeto, pero no se le han concedido esos derechos de acceso. (0xc0000022)
[0113/195502.026:ERROR:exception_snapshot_win.cc(98)] thread ID 3112 not found in process
[0113/200055.159:ERROR:process_reader_win.cc(123)] NtOpenThread: {Acceso denegado} Un proceso ha solicitado acceso a un objeto, pero no se le han concedido esos derechos de acceso. (0xc0000022)
[0113/200055.161:ERROR:exception_snapshot_win.cc(98)] thread ID 2564 not found in process
[0113/200441.806:ERROR:process_reader_win.cc(123)] NtOpenThread: {Acceso denegado} Un proceso ha solicitado acceso a un objeto, pero no se le han concedido esos derechos de acceso. (0xc0000022)
[0113/200441.807:ERROR:exception_snapshot_win.cc(98)] thread ID 3132 not found in process
[0113/200457.767:ERROR:file_io.cc(89)] ReadExactly: expected 36, observed 0
[0113/200833.454:ERROR:process_reader_win.cc(123)] NtOpenThread: {Acceso denegado} Un proceso ha solicitado acceso a un objeto, pero no se le han concedido esos derechos de acceso. (0xc0000022)
[0113/200833.454:ERROR:exception_snapshot_win.cc(98)] thread ID 10052 not found in process
[0113/201920.654:ERROR:process_reader_win.cc(123)] NtOpenThread: {Acceso denegado} Un proceso ha solicitado acceso a un objeto, pero no se le han concedido esos derechos de acceso. (0xc0000022)
[0113/201920.655:ERROR:exception_snapshot_win.cc(98)] thread ID 5908 not found in process
[0113/202017.841:ERROR:process_reader_win.cc(123)] NtOpenThread: {Acceso denegado} Un proceso ha solicitado acceso a un objeto, pero no se le han concedido esos derechos de acceso. (0xc0000022)
[0113/202017.843:ERROR:exception_snapshot_win.cc(98)] thread ID 8740 not found in process
[0114/143711.703:ERROR:process_reader_win.cc(123)] NtOpenThread: {Acceso denegado} Un proceso ha solicitado acceso a un objeto, pero no se le han concedido esos derechos de acceso. (0xc0000022)
[0114/143711.703:ERROR:exception_snapshot_win.cc(98)] thread ID 14128 not found in process
[0114/143845.949:ERROR:process_reader_win.cc(151)] SuspendThread: Acceso denegado. (0x5)
[0114/143845.949:ERROR:process_reader_win.cc(151)] SuspendThread: Acceso denegado. (0x5)
[0114/143845.949:ERROR:process_reader_win.cc(151)] SuspendThread: Acceso denegado. (0x5)
[0114/143845.949:ERROR:process_reader_win.cc(151)] SuspendThread: Acceso denegado. (0x5)
[0114/143845.949:ERROR:process_reader_win.cc(123)] NtOpenThread: {Acceso denegado} Un proceso ha solicitado acceso a un objeto, pero no se le han concedido esos derechos de acceso. (0xc0000022)
[0114/143845.949:ERROR:exception_snapshot_win.cc(98)] thread ID 12712 not found in process
[0114/143928.232:ERROR:process_reader_win.cc(123)] NtOpenThread: {Acceso denegado} Un proceso ha solicitado acceso a un objeto, pero no se le han concedido esos derechos de acceso. (0xc0000022)
[0114/143928.232:ERROR:exception_snapshot_win.cc(98)] thread ID 1736 not found in process
[0114/144005.366:ERROR:process_reader_win.cc(123)] NtOpenThread: {Acceso denegado} Un proceso ha solicitado acceso a un objeto, pero no se le han concedido esos derechos de acceso. (0xc0000022)
[0114/144005.366:ERROR:exception_snapshot_win.cc(98)] thread ID 3984 not found in process
[0114/144117.809:ERROR:process_reader_win.cc(123)] NtOpenThread: {Acceso denegado} Un proceso ha solicitado acceso a un objeto, pero no se le han concedido esos derechos de acceso. (0xc0000022)
[0114/144117.809:ERROR:exception_snapshot_win.cc(98)] thread ID 12824 not found in process
[0114/144158.999:ERROR:process_reader_win.cc(123)] NtOpenThread: {Acceso denegado} Un proceso ha solicitado acceso a un objeto, pero no se le han concedido esos derechos de acceso. (0xc0000022)
[0114/144158.999:ERROR:exception_snapshot_win.cc(98)] thread ID 10464 not found in process
[0114/144259.775:ERROR:process_reader_win.cc(123)] NtOpenThread: {Acceso denegado} Un proceso ha solicitado acceso a un objeto, pero no se le han concedido esos derechos de acceso. (0xc0000022)
[0114/144259.775:ERROR:exception_snapshot_win.cc(98)] thread ID 14212 not found in process
[0114/144323.504:ERROR:process_reader_win.cc(123)] NtOpenThread: {Acceso denegado} Un proceso ha solicitado acceso a un objeto, pero no se le han concedido esos derechos de acceso. (0xc0000022)
[0114/144323.519:ERROR:exception_snapshot_win.cc(98)] thread ID 14072 not found in process
[0114/144410.152:ERROR:process_reader_win.cc(123)] NtOpenThread: {Acceso denegado} Un proceso ha solicitado acceso a un objeto, pero no se le han concedido esos derechos de acceso. (0xc0000022)
[0114/144410.152:ERROR:exception_snapshot_win.cc(98)] thread ID 1016 not found in process
[0114/144519.800:ERROR:process_reader_win.cc(123)] NtOpenThread: {Acceso denegado} Un proceso ha solicitado acceso a un objeto, pero no se le han concedido esos derechos de acceso. (0xc0000022)
[0114/144519.800:ERROR:exception_snapshot_win.cc(98)] thread ID 8616 not found in process
[0114/144609.586:ERROR:process_reader_win.cc(123)] NtOpenThread: {Acceso denegado} Un proceso ha solicitado acceso a un objeto, pero no se le han concedido esos derechos de acceso. (0xc0000022)
[0114/144609.586:ERROR:exception_snapshot_win.cc(98)] thread ID 12392 not found in process
[0114/144700.037:ERROR:process_reader_win.cc(123)] NtOpenThread: {Acceso denegado} Un proceso ha solicitado acceso a un objeto, pero no se le han concedido esos derechos de acceso. (0xc0000022)
[0114/144700.037:ERROR:exception_snapshot_win.cc(98)] thread ID 9036 not found in process
[0114/144733.049:ERROR:process_reader_win.cc(123)] NtOpenThread: {Acceso denegado} Un proceso ha solicitado acceso a un objeto, pero no se le han concedido esos derechos de acceso. (0xc0000022)
[0114/144733.049:ERROR:exception_snapshot_win.cc(98)] thread ID 14824 not found in process
[0114/145233.062:ERROR:process_reader_win.cc(151)] SuspendThread: Acceso denegado. (0x5)
[0114/145233.062:ERROR:process_reader_win.cc(151)] SuspendThread: Acceso denegado. (0x5)
[0114/145233.062:ERROR:process_reader_win.cc(151)] SuspendThread: Acceso denegado. (0x5)
[0114/145233.062:ERROR:process_reader_win.cc(151)] SuspendThread: Acceso denegado. (0x5)
[0114/145233.062:ERROR:process_reader_win.cc(123)] NtOpenThread: {Acceso denegado} Un proceso ha solicitado acceso a un objeto, pero no se le han concedido esos derechos de acceso. (0xc0000022)
[0114/145233.062:ERROR:exception_snapshot_win.cc(98)] thread ID 14444 not found in process
[0114/145339.909:ERROR:process_reader_win.cc(123)] NtOpenThread: {Acceso denegado} Un proceso ha solicitado acceso a un objeto, pero no se le han concedido esos derechos de acceso. (0xc0000022)
[0114/145339.910:ERROR:exception_snapshot_win.cc(98)] thread ID 12660 not found in process
[0114/145448.150:ERROR:process_reader_win.cc(123)] NtOpenThread: {Acceso denegado} Un proceso ha solicitado acceso a un objeto, pero no se le han concedido esos derechos de acceso. (0xc0000022)
[0114/145448.150:ERROR:exception_snapshot_win.cc(98)] thread ID 2664 not found in process
[0114/145505.210:ERROR:process_reader_win.cc(123)] NtOpenThread: {Acceso denegado} Un proceso ha solicitado acceso a un objeto, pero no se le han concedido esos derechos de acceso. (0xc0000022)
[0114/145505.211:ERROR:exception_snapshot_win.cc(98)] thread ID 10440 not found in process
[0114/145716.131:ERROR:process_reader_win.cc(123)] NtOpenThread: {Acceso denegado} Un proceso ha solicitado acceso a un objeto, pero no se le han concedido esos derechos de acceso. (0xc0000022)
[0114/145716.131:ERROR:exception_snapshot_win.cc(98)] thread ID 12840 not found in process
[0114/145726.724:ERROR:process_reader_win.cc(123)] NtOpenThread: {Acceso denegado} Un proceso ha solicitado acceso a un objeto, pero no se le han concedido esos derechos de acceso. (0xc0000022)
[0114/145726.724:ERROR:exception_snapshot_win.cc(98)] thread ID 8896 not found in process
[0114/145847.526:ERROR:process_reader_win.cc(123)] NtOpenThread: {Acceso denegado} Un proceso ha solicitado acceso a un objeto, pero no se le han concedido esos derechos de acceso. (0xc0000022)
[0114/145847.526:ERROR:exception_snapshot_win.cc(98)] thread ID 8168 not found in process
[0114/150336.454:ERROR:process_reader_win.cc(123)] NtOpenThread: {Acceso denegado} Un proceso ha solicitado acceso a un objeto, pero no se le han concedido esos derechos de acceso. (0xc0000022)
[0114/150336.454:ERROR:exception_snapshot_win.cc(98)] thread ID 3880 not found in process
[0114/150508.686:ERROR:process_reader_win.cc(151)] SuspendThread: Acceso denegado. (0x5)
[0114/150508.686:ERROR:process_reader_win.cc(151)] SuspendThread: Acceso denegado. (0x5)
[0114/150508.686:ERROR:process_reader_win.cc(151)] SuspendThread: Acceso denegado. (0x5)
[0114/150508.686:ERROR:process_reader_win.cc(151)] SuspendThread: Acceso denegado. (0x5)
[0114/150508.686:ERROR:process_reader_win.cc(123)] NtOpenThread: {Acceso denegado} Un proceso ha solicitado acceso a un objeto, pero no se le han concedido esos derechos de acceso. (0xc0000022)
[0114/150508.686:ERROR:exception_snapshot_win.cc(98)] thread ID 12600 not found in process
[0114/150600.157:ERROR:process_reader_win.cc(151)] SuspendThread: Acceso denegado. (0x5)
[0114/150600.157:ERROR:process_reader_win.cc(151)] SuspendThread: Acceso denegado. (0x5)
[0114/150600.157:ERROR:process_reader_win.cc(151)] SuspendThread: Acceso denegado. (0x5)
[0114/150600.157:ERROR:process_reader_win.cc(151)] SuspendThread: Acceso denegado. (0x5)
[0114/150600.157:ERROR:process_reader_win.cc(123)] NtOpenThread: {Acceso denegado} Un proceso ha solicitado acceso a un objeto, pero no se le han concedido esos derechos de acceso. (0xc0000022)
[0114/150600.157:ERROR:exception_snapshot_win.cc(98)] thread ID 9016 not found in process
[0114/150623.352:ERROR:process_reader_win.cc(123)] NtOpenThread: {Acceso denegado} Un proceso ha solicitado acceso a un objeto, pero no se le han concedido esos derechos de acceso. (0xc0000022)
[0114/150623.352:ERROR:exception_snapshot_win.cc(98)] thread ID 6608 not found in process
[0114/150748.694:ERROR:process_reader_win.cc(123)] NtOpenThread: {Acceso denegado} Un proceso ha solicitado acceso a un objeto, pero no se le han concedido esos derechos de acceso. (0xc0000022)
[0114/150748.710:ERROR:exception_snapshot_win.cc(98)] thread ID 14932 not found in process
[0114/151048.967:ERROR:process_reader_win.cc(123)] NtOpenThread: {Acceso denegado} Un proceso ha solicitado acceso a un objeto, pero no se le han concedido esos derechos de acceso. (0xc0000022)
[0114/151048.967:ERROR:exception_snapshot_win.cc(98)] thread ID 5592 not found in process
[0114/151051.950:ERROR:process_reader_win.cc(123)] NtOpenThread: {Acceso denegado} Un proceso ha solicitado acceso a un objeto, pero no se le han concedido esos derechos de acceso. (0xc0000022)
[0114/151051.950:ERROR:exception_snapshot_win.cc(98)] thread ID 10288 not found in process
[0114/151432.970:ERROR:process_reader_win.cc(123)] NtOpenThread: {Acceso denegado} Un proceso ha solicitado acceso a un objeto, pero no se le han concedido esos derechos de acceso. (0xc0000022)
[0114/151432.970:ERROR:exception_snapshot_win.cc(98)] thread ID 11944 not found in process
[0114/151508.853:ERROR:process_reader_win.cc(123)] NtOpenThread: {Acceso denegado} Un proceso ha solicitado acceso a un objeto, pero no se le han concedido esos derechos de acceso. (0xc0000022)
[0114/151508.853:ERROR:exception_snapshot_win.cc(98)] thread ID 13880 not found in process
[0114/151612.014:ERROR:file_io.cc(89)] ReadExactly: expected 36, observed 0
[0114/153029.595:ERROR:process_reader_win.cc(123)] NtOpenThread: {Acceso denegado} Un proceso ha solicitado acceso a un objeto, pero no se le han concedido esos derechos de acceso. (0xc0000022)
[0114/153029.595:ERROR:exception_snapshot_win.cc(98)] thread ID 11372 not found in process
[0114/170223.889:ERROR:process_reader_win.cc(123)] NtOpenThread: {Acceso denegado} Un proceso ha solicitado acceso a un objeto, pero no se le han concedido esos derechos de acceso. (0xc0000022)
[0114/170223.889:ERROR:exception_snapshot_win.cc(98)] thread ID 2672 not found in process
[0114/172310.081:ERROR:process_reader_win.cc(123)] NtOpenThread: {Acceso denegado} Un proceso ha solicitado acceso a un objeto, pero no se le han concedido esos derechos de acceso. (0xc0000022)
[0114/172310.081:ERROR:exception_snapshot_win.cc(98)] thread ID 10604 not found in process
[0115/135448.795:ERROR:process_reader_win.cc(123)] NtOpenThread: {Acceso denegado} Un proceso ha solicitado acceso a un objeto, pero no se le han concedido esos derechos de acceso. (0xc0000022)
[0115/135448.795:ERROR:exception_snapshot_win.cc(98)] thread ID 7832 not found in process
[0115/140509.434:ERROR:process_reader_win.cc(151)] SuspendThread: Acceso denegado. (0x5)
[0115/140509.434:ERROR:process_reader_win.cc(151)] SuspendThread: Acceso denegado. (0x5)
[0115/140509.434:ERROR:process_reader_win.cc(151)] SuspendThread: Acceso denegado. (0x5)
[0115/140509.434:ERROR:process_reader_win.cc(151)] SuspendThread: Acceso denegado. (0x5)
[0115/140509.434:ERROR:process_reader_win.cc(151)] SuspendThread: Acceso denegado. (0x5)
[0115/140509.434:ERROR:process_reader_win.cc(151)] SuspendThread: Acceso denegado. (0x5)
[0115/140509.434:ERROR:process_reader_win.cc(151)] SuspendThread: Acceso denegado. (0x5)
[0115/140509.434:ERROR:process_reader_win.cc(151)] SuspendThread: Acceso denegado. (0x5)
[0115/140509.434:ERROR:process_reader_win.cc(151)] SuspendThread: Acceso denegado. (0x5)
[0115/140509.434:ERROR:process_reader_win.cc(151)] SuspendThread: Acceso denegado. (0x5)
[0115/140509.434:ERROR:process_reader_win.cc(123)] NtOpenThread: {Acceso denegado} Un proceso ha solicitado acceso a un objeto, pero no se le han concedido esos derechos de acceso. (0xc0000022)
[0115/140509.439:ERROR:exception_snapshot_win.cc(98)] thread ID 7728 not found in process
[0115/140509.434:ERROR:process_reader_win.cc(123)] NtOpenThread: {Acceso denegado} Un proceso ha solicitado acceso a un objeto, pero no se le han concedido esos derechos de acceso. (0xc0000022)
[0115/140509.439:ERROR:exception_snapshot_win.cc(98)] thread ID 9248 not found in process
[0115/143553.233:ERROR:process_reader_win.cc(123)] NtOpenThread: {Acceso denegado} Un proceso ha solicitado acceso a un objeto, pero no se le han concedido esos derechos de acceso. (0xc0000022)
[0115/143553.233:ERROR:exception_snapshot_win.cc(98)] thread ID 11812 not found in process
[0115/145434.079:ERROR:process_reader_win.cc(123)] NtOpenThread: {Acceso denegado} Un proceso ha solicitado acceso a un objeto, pero no se le han concedido esos derechos de acceso. (0xc0000022)
[0115/145434.079:ERROR:exception_snapshot_win.cc(98)] thread ID 5592 not found in process
[0115/215827.230:ERROR:process_reader_win.cc(151)] SuspendThread: Acceso denegado. (0x5)
[0115/215827.231:ERROR:process_reader_win.cc(123)] NtOpenThread: {Acceso denegado} Un proceso ha solicitado acceso a un objeto, pero no se le han concedido esos derechos de acceso. (0xc0000022)
[0115/215827.232:ERROR:exception_snapshot_win.cc(98)] thread ID 7640 not found in process
[0116/184801.391:ERROR:process_reader_win.cc(123)] NtOpenThread: {Acceso denegado} Un proceso ha solicitado acceso a un objeto, pero no se le han concedido esos derechos de acceso. (0xc0000022)
[0116/184801.392:ERROR:exception_snapshot_win.cc(98)] thread ID 10124 not found in process
[0116/203517.926:ERROR:process_reader_win.cc(151)] SuspendThread: Acceso denegado. (0x5)
[0116/203517.927:ERROR:process_reader_win.cc(151)] SuspendThread: Acceso denegado. (0x5)
[0116/203517.927:ERROR:process_reader_win.cc(151)] SuspendThread: Acceso denegado. (0x5)
[0116/203517.927:ERROR:process_reader_win.cc(151)] SuspendThread: Acceso denegado. (0x5)
[0116/203517.927:ERROR:process_reader_win.cc(151)] SuspendThread: Acceso denegado. (0x5)
[0116/203517.927:ERROR:process_reader_win.cc(123)] NtOpenThread: {Acceso denegado} Un proceso ha solicitado acceso a un objeto, pero no se le han concedido esos derechos de acceso. (0xc0000022)
[0116/203517.927:ERROR:exception_snapshot_win.cc(98)] thread ID 5004 not found in process
[0116/203517.943:ERROR:process_reader_win.cc(151)] SuspendThread: Acceso denegado. (0x5)
[0116/203517.943:ERROR:process_reader_win.cc(151)] SuspendThread: Acceso denegado. (0x5)
[0116/203517.945:ERROR:process_reader_win.cc(151)] SuspendThread: Acceso denegado. (0x5)
[0116/203517.945:ERROR:process_reader_win.cc(151)] SuspendThread: Acceso denegado. (0x5)
[0116/203517.945:ERROR:process_reader_win.cc(151)] SuspendThread: Acceso denegado. (0x5)
[0116/203517.945:ERROR:process_reader_win.cc(151)] SuspendThread: Acceso denegado. (0x5)
[0116/203517.945:ERROR:process_reader_win.cc(151)] SuspendThread: Acceso denegado. (0x5)
[0116/203517.945:ERROR:process_reader_win.cc(151)] SuspendThread: Acceso denegado. (0x5)
[0116/203517.945:ERROR:process_reader_win.cc(123)] NtOpenThread: {Acceso denegado} Un proceso ha solicitado acceso a un objeto, pero no se le han concedido esos derechos de acceso. (0xc0000022)
[0116/203517.946:ERROR:exception_snapshot_win.cc(98)] thread ID 6368 not found in process
[0116/203517.945:ERROR:process_reader_win.cc(123)] NtOpenThread: {Acceso denegado} Un proceso ha solicitado acceso a un objeto, pero no se le han concedido esos derechos de acceso. (0xc0000022)
[0116/203517.946:ERROR:exception_snapshot_win.cc(98)] thread ID 10096 not found in process
[0117/172838.016:ERROR:file_io.cc(89)] ReadExactly: expected 36, observed 0
[0119/192730.963:ERROR:process_reader_win.cc(123)] NtOpenThread: {Acceso denegado} Un proceso ha solicitado acceso a un objeto, pero no se le han concedido esos derechos de acceso. (0xc0000022)
[0119/192730.965:ERROR:exception_snapshot_win.cc(98)] thread ID 7360 not found in process
[0120/205126.409:ERROR:process_reader_win.cc(123)] NtOpenThread: {Acceso denegado} Un proceso ha solicitado acceso a un objeto, pero no se le han concedido esos derechos de acceso. (0xc0000022)
[0120/205126.412:ERROR:exception_snapshot_win.cc(98)] thread ID 13884 not found in process
[0120/205256.858:ERROR:process_reader_win.cc(123)] NtOpenThread: {Acceso denegado} Un proceso ha solicitado acceso a un objeto, pero no se le han concedido esos derechos de acceso. (0xc0000022)
[0120/205256.860:ERROR:exception_snapshot_win.cc(98)] thread ID 6196 not found in process
